<?xml version="1.0" encoding="UTF-8"?>
<!-- Generated by org.testng.reporters.JUnitReportReporter -->
<testsuite hostname="DESKTOP-RL2OCF9" name="hello.Baiduhello" tests="1" failures="0" timestamp="20 Mar 2019 01:00:25 GMT" time="9.542" errors="0">
  <testcase name="OpenFireFox" time="9.542" classname="hello.Baiduhello"/>
</testsuite> <!-- hello.Baiduhello -->
